<?xml version="1.0" encoding="UTF-8"?>
<!-- Generated by org.testng.reporters.JUnitXMLReporter -->
<testsuite ignored="0" hostname="e4f755d820ed58d" failures="1" tests="1" name="Test3" time="2.804" errors="0" timestamp="2025-11-20T08:16:54 IST">
  <testcase classname="project.BuyCats" name="f" time="1.016">
    <failure type="java.lang.AssertionError" message="expected [Cat] but found [Cats]">
      <![CDATA[java.lang.AssertionError: expected [Cat] but found [Cats]
at project.BuyCats.f(BuyCats.java:21)
at java.base/java.util.ArrayList.forEach(ArrayList.java:1596)
... Removed 31 stack frames]]>
    </failure>
  </testcase> <!-- f -->
</testsuite> <!-- Test3 -->
