<?xml version="1.0" encoding="UTF-8"?>
<!-- Generated by org.testng.reporters.JUnitReportReporter -->
<testsuite hostname="e4f755d820ed58d" failures="0" tests="3" name="day6.tc9_dataProvider" time="22.994" errors="0" timestamp="2025-11-19T18:12:38 IST" skipped="0">
  <testcase classname="day6.tc9_dataProvider" name="f" time="6.370"/>
  <testcase classname="day6.tc9_dataProvider" name="f" time="9.465"/>
  <testcase classname="day6.tc9_dataProvider" name="f" time="7.159"/>
</testsuite> <!-- day6.tc9_dataProvider -->
