<?xml version="1.0" encoding="UTF-8"?>
<!-- Generated by org.testng.reporters.JUnitReportReporter -->
<testsuite hostname="e4f755d820ed58d" failures="0" tests="3" name="day6.tc3_priority" time="0.021" errors="0" timestamp="2025-11-19T17:45:00 IST" skipped="0">
  <testcase classname="day6.tc3_priority" name="login" time="0.014"/>
  <testcase classname="day6.tc3_priority" name="createOrder" time="0.003"/>
  <testcase classname="day6.tc3_priority" name="logout" time="0.004"/>
</testsuite> <!-- day6.tc3_priority -->
