<?xml version="1.0" encoding="UTF-8"?>
<!-- Generated by org.testng.reporters.JUnitReportReporter -->
<testsuite hostname="e4f755d820ed58d" failures="0" tests="5" name="day6.tc4_dependsonMethods" time="0.026" errors="0" timestamp="2025-11-19T17:50:22 IST" skipped="0">
  <testcase classname="day6.tc4_dependsonMethods" name="deleteOrder" time="0.002"/>
  <testcase classname="day6.tc4_dependsonMethods" name="login" time="0.015"/>
  <testcase classname="day6.tc4_dependsonMethods" name="updateOrder" time="0.004"/>
  <testcase classname="day6.tc4_dependsonMethods" name="createOrder" time="0.003"/>
  <testcase classname="day6.tc4_dependsonMethods" name="logout" time="0.002"/>
</testsuite> <!-- day6.tc4_dependsonMethods -->
