<?xml version="1.0" encoding="UTF-8"?>
<testng-results ignored="0" total="3" passed="2" failed="1" skipped="0">
  <reporter-output>
  </reporter-output>
  <suite started-at="2025-11-20T08:16:39 IST" name="Suite" finished-at="2025-11-20T08:16:54 IST" duration-ms="14548">
    <groups>
    </groups>
    <test started-at="2025-11-20T08:16:39 IST" name="Test1" finished-at="2025-11-20T08:16:43 IST" duration-ms="3758">
      <class name="project.BuyFish">
        <test-method is-config="true" signature="beforeTest()[pri:0, instance:project.BuyFish@62379589]" started-at="2025-11-20T08:16:39 IST" name="beforeTest" finished-at="2025-11-20T08:16:42 IST" duration-ms="2354" status="PASS">
          <reporter-output>
          </reporter-output>
        </test-method> <!-- beforeTest -->
        <test-method signature="f()[pri:0, instance:project.BuyFish@62379589]" started-at="2025-11-20T08:16:42 IST" name="f" finished-at="2025-11-20T08:16:43 IST" duration-ms="1141" status="PASS">
          <reporter-output>
          </reporter-output>
        </test-method> <!-- f -->
        <test-method is-config="true" signature="afterTest()[pri:0, instance:project.BuyFish@62379589]" started-at="2025-11-20T08:16:43 IST" name="afterTest" finished-at="2025-11-20T08:16:43 IST" duration-ms="205" status="PASS">
          <reporter-output>
          </reporter-output>
        </test-method> <!-- afterTest -->
      </class> <!-- project.BuyFish -->
    </test> <!-- Test1 -->
    <test started-at="2025-11-20T08:16:43 IST" name="Test2" finished-at="2025-11-20T08:16:51 IST" duration-ms="7891">
      <class name="project.BuyDogs">
        <test-method is-config="true" signature="beforeTest()[pri:0, instance:project.BuyDogs@3857f613]" started-at="2025-11-20T08:16:43 IST" name="beforeTest" finished-at="2025-11-20T08:16:45 IST" duration-ms="1508" status="PASS">
          <reporter-output>
          </reporter-output>
        </test-method> <!-- beforeTest -->
        <test-method signature="f()[pri:0, instance:project.BuyDogs@3857f613]" started-at="2025-11-20T08:16:45 IST" name="f" finished-at="2025-11-20T08:16:51 IST" duration-ms="6154" status="PASS">
          <reporter-output>
          </reporter-output>
        </test-method> <!-- f -->
        <test-method is-config="true" signature="afterTest()[pri:0, instance:project.BuyDogs@3857f613]" started-at="2025-11-20T08:16:51 IST" name="afterTest" finished-at="2025-11-20T08:16:51 IST" duration-ms="224" status="PASS">
          <reporter-output>
          </reporter-output>
        </test-method> <!-- afterTest -->
      </class> <!-- project.BuyDogs -->
    </test> <!-- Test2 -->
    <test started-at="2025-11-20T08:16:51 IST" name="Test3" finished-at="2025-11-20T08:16:54 IST" duration-ms="2804">
      <class name="project.BuyCats">
        <test-method is-config="true" signature="beforeTest()[pri:0, instance:project.BuyCats@3c9754d8]" started-at="2025-11-20T08:16:51 IST" name="beforeTest" finished-at="2025-11-20T08:16:53 IST" duration-ms="1615" status="PASS">
          <reporter-output>
          </reporter-output>
        </test-method> <!-- beforeTest -->
        <test-method signature="f()[pri:0, instance:project.BuyCats@3c9754d8]" started-at="2025-11-20T08:16:53 IST" name="f" finished-at="2025-11-20T08:16:54 IST" duration-ms="1016" status="FAIL">
          <exception class="java.lang.AssertionError">
            <message>
              <![CDATA[expected [Cat] but found [Cats]]]>
            </message>
            <full-stacktrace>
              <![CDATA[java.lang.AssertionError: expected [Cat] but found [Cats]
at org.testng.Assert.fail(Assert.java:111)
at org.testng.Assert.failNotEquals(Assert.java:1590)
at org.testng.Assert.assertEqualsImpl(Assert.java:150)
at org.testng.Assert.assertEquals(Assert.java:132)
at org.testng.Assert.assertEquals(Assert.java:656)
at org.testng.Assert.assertEquals(Assert.java:666)
at project.BuyCats.f(BuyCats.java:21)
at java.base/jdk.internal.reflect.DirectMethodHandleAccessor.invoke(DirectMethodHandleAccessor.java:103)
at java.base/java.lang.reflect.Method.invoke(Method.java:580)
at org.testng.internal.invokers.MethodInvocationHelper.invokeMethod(MethodInvocationHelper.java:141)
at org.testng.internal.invokers.TestInvoker.invokeMethod(TestInvoker.java:687)
at org.testng.internal.invokers.TestInvoker.invokeTestMethod(TestInvoker.java:230)
at org.testng.internal.invokers.MethodRunner.runInSequence(MethodRunner.java:63)
at org.testng.internal.invokers.TestInvoker$MethodInvocationAgent.invoke(TestInvoker.java:995)
at org.testng.internal.invokers.TestInvoker.invokeTestMethods(TestInvoker.java:203)
at org.testng.internal.invokers.TestMethodWorker.invokeTestMethods(TestMethodWorker.java:154)
at org.testng.internal.invokers.TestMethodWorker.run(TestMethodWorker.java:134)
at java.base/java.util.ArrayList.forEach(ArrayList.java:1596)
at org.testng.TestRunner.privateRun(TestRunner.java:741)
at org.testng.TestRunner.run(TestRunner.java:616)
at org.testng.SuiteRunner.runTest(SuiteRunner.java:421)
at org.testng.SuiteRunner.runSequentially(SuiteRunner.java:413)
at org.testng.SuiteRunner.privateRun(SuiteRunner.java:373)
at org.testng.SuiteRunner.run(SuiteRunner.java:312)
at org.testng.SuiteRunnerWorker.runSuite(SuiteRunnerWorker.java:52)
at org.testng.SuiteRunnerWorker.run(SuiteRunnerWorker.java:95)
at org.testng.TestNG.runSuitesSequentially(TestNG.java:1274)
at org.testng.TestNG.runSuitesLocally(TestNG.java:1208)
at org.testng.TestNG.runSuites(TestNG.java:1112)
at org.testng.TestNG.run(TestNG.java:1079)
at org.testng.remote.AbstractRemoteTestNG.run(AbstractRemoteTestNG.java:115)
at org.testng.remote.RemoteTestNG.initAndRun(RemoteTestNG.java:293)
at org.testng.remote.RemoteTestNG.main(RemoteTestNG.java:91)
]]>
            </full-stacktrace>
          </exception> <!-- java.lang.AssertionError -->
          <reporter-output>
          </reporter-output>
        </test-method> <!-- f -->
        <test-method is-config="true" signature="afterTest()[pri:0, instance:project.BuyCats@3c9754d8]" started-at="2025-11-20T08:16:54 IST" name="afterTest" finished-at="2025-11-20T08:16:54 IST" duration-ms="165" status="PASS">
          <reporter-output>
          </reporter-output>
        </test-method> <!-- afterTest -->
      </class> <!-- project.BuyCats -->
    </test> <!-- Test3 -->
  </suite> <!-- Suite -->
</testng-results>
