{"name":"User gives invalid details","status":"failed","statusDetails":{"known":false,"muted":false,"flaky":false,"message":"expected [true] but found [false]","trace":"java.lang.AssertionError: expected [true] but found [false]\r\n\tat org.testng.Assert.fail(Assert.java:97)\r\n\tat org.testng.Assert.failNotEquals(Assert.java:969)\r\n\tat org.testng.Assert.assertTrue(Assert.java:43)\r\n\tat org.testng.Assert.assertTrue(Assert.java:53)\r\n\tat stepdefenition.RegisterWithInvalidDetails.the_system_shows_an_error_message(RegisterWithInvalidDetails.java:41)\r\n\tat ✽.the system shows an error message(file:///C:/Selenium%20demo/maven_cucumber_testNG/features/registerPage.feature:19)\r\n"},"stage":"finished","steps":[{"name":"Given  user is in the registration page","status":"passed","statusDetails":{"known":false,"muted":false,"flaky":false},"stage":"finished","steps":[],"attachments":[],"parameters":[],"start":1764371389008,"stop":1764371394522},{"name":"When  user gives invalid details: username \"User124\", email \"user1@ggcc\", password \"User1@\"","status":"passed","statusDetails":{"known":false,"muted":false,"flaky":false},"stage":"finished","steps":[],"attachments":[],"parameters":[],"start":1764371394523,"stop":1764371399916},{"name":"Then  the system shows an error message","status":"failed","statusDetails":{"known":false,"muted":false,"flaky":false,"message":"expected [true] but found [false]","trace":"java.lang.AssertionError: expected [true] but found [false]\r\n\tat org.testng.Assert.fail(Assert.java:97)\r\n\tat org.testng.Assert.failNotEquals(Assert.java:969)\r\n\tat org.testng.Assert.assertTrue(Assert.java:43)\r\n\tat org.testng.Assert.assertTrue(Assert.java:53)\r\n\tat stepdefenition.RegisterWithInvalidDetails.the_system_shows_an_error_message(RegisterWithInvalidDetails.java:41)\r\n\tat ✽.the system shows an error message(file:///C:/Selenium%20demo/maven_cucumber_testNG/features/registerPage.feature:19)\r\n"},"stage":"finished","steps":[],"attachments":[{"name":"System accepts invalid email","source":"ee4d8203-539a-4980-bac2-c4202ee77811-attachment.txt","type":"text/plain"}],"parameters":[],"start":1764371399917,"stop":1764371400105}],"attachments":[],"parameters":[{"name":"username","value":"User124"},{"name":"email","value":"user1@ggcc"},{"name":"password","value":"User1@"}],"start":1764371388019,"stop":1764371400309,"uuid":"9cc9e42f-d1ba-40b2-ab19-1576b0bdebc4","historyId":"90ffab0107d265d42b79206048e179e3","fullName":"Register Page: User gives invalid details","labels":[{"name":"host","value":"e4f755d820ed58d"},{"name":"thread","value":"7712@e4f755d820ed58d.main(3)"},{"name":"feature","value":"Register Page"},{"name":"story","value":"User gives invalid details"},{"name":"suite","value":"Register Page"},{"name":"testClass","value":"User gives invalid details"},{"name":"framework","value":"cucumber4jvm"},{"name":"language","value":"java"},{"name":"gherkin_uri","value":"file:///C:/Selenium%20demo/maven_cucumber_testNG/features/registerPage.feature"},{"name":"package","value":"features.registerPage_feature.Register Page"}],"links":[]}