{"name":"User gives invalid details","status":"broken","statusDetails":{"known":false,"muted":false,"flaky":false,"message":"element click intercepted: Element <a href=\"javascript:void(0)\" role=\"link\" class=\"create-new-account ng-scope\" translate=\"CREATE_NEW_ACCOUNT\" data-ng-click=\"createNewAccount()\">...</a> is not clickable at point (513, 538). Other element would receive the click: <div class=\"loader\" style=\"display: block; opacity: 1;\">...</div>\n  (Session info: MicrosoftEdge=142.0.3595.94)\nBuild info: version: '4.38.0', revision: '6b412e825c*'\nSystem info: os.name: 'Windows 10', os.arch: 'amd64', os.version: '10.0', java.version: '25'\nDriver info: org.openqa.selenium.edge.EdgeDriver\nCommand: [37e9ee382912640a992bda7bde242d57, clickElement {id=f.81800672521FDCB9EF77ABF1DC64F727.d.56FF94ABCDDF923BF9FA31A5789A5897.e.34}]\nCapabilities {acceptInsecureCerts: false, browserName: MicrosoftEdge, browserVersion: 142.0.3595.94, fedcm:accounts: true, goog:processID: 8120, ms:edgeOptions: {debuggerAddress: localhost:50234}, msedge: {msedgedriverVersion: 142.0.3595.94 (6565d6e52817..., userDataDir: C:\\Windows\\SystemTemp\\scope...}, networkConnectionEnabled: false, pageLoadStrategy: normal, platformName: windows, proxy: Proxy(), se:cdp: ws://localhost:50234/devtoo..., se:cdpVersion: 142.0.3595.94, setWindowRect: true, strictFileInteractability: false, timeouts: {implicit: 0, pageLoad: 300000, script: 30000}, unhandledPromptBehavior: dismiss and notify, webauthn:extension:credBlob: true, webauthn:extension:largeBlob: true, webauthn:extension:minPinLength: true, webauthn:extension:prf: true, webauthn:virtualAuthenticators: true}\nElement: [[EdgeDriver: MicrosoftEdge on windows (37e9ee382912640a992bda7bde242d57)] -> xpath: //a[@href=\"javascript:void(0)\" and @class=\"create-new-account ng-scope\"]]\nSession ID: 37e9ee382912640a992bda7bde242d57","trace":"org.openqa.selenium.ElementClickInterceptedException: element click intercepted: Element <a href=\"javascript:void(0)\" role=\"link\" class=\"create-new-account ng-scope\" translate=\"CREATE_NEW_ACCOUNT\" data-ng-click=\"createNewAccount()\">...</a> is not clickable at point (513, 538). Other element would receive the click: <div class=\"loader\" style=\"display: block; opacity: 1;\">...</div>\n  (Session info: MicrosoftEdge=142.0.3595.94)\nBuild info: version: '4.38.0', revision: '6b412e825c*'\nSystem info: os.name: 'Windows 10', os.arch: 'amd64', os.version: '10.0', java.version: '25'\nDriver info: org.openqa.selenium.edge.EdgeDriver\nCommand: [37e9ee382912640a992bda7bde242d57, clickElement {id=f.81800672521FDCB9EF77ABF1DC64F727.d.56FF94ABCDDF923BF9FA31A5789A5897.e.34}]\nCapabilities {acceptInsecureCerts: false, browserName: MicrosoftEdge, browserVersion: 142.0.3595.94, fedcm:accounts: true, goog:processID: 8120, ms:edgeOptions: {debuggerAddress: localhost:50234}, msedge: {msedgedriverVersion: 142.0.3595.94 (6565d6e52817..., userDataDir: C:\\Windows\\SystemTemp\\scope...}, networkConnectionEnabled: false, pageLoadStrategy: normal, platformName: windows, proxy: Proxy(), se:cdp: ws://localhost:50234/devtoo..., se:cdpVersion: 142.0.3595.94, setWindowRect: true, strictFileInteractability: false, timeouts: {implicit: 0, pageLoad: 300000, script: 30000}, unhandledPromptBehavior: dismiss and notify, webauthn:extension:credBlob: true, webauthn:extension:largeBlob: true, webauthn:extension:minPinLength: true, webauthn:extension:prf: true, webauthn:virtualAuthenticators: true}\nElement: [[EdgeDriver: MicrosoftEdge on windows (37e9ee382912640a992bda7bde242d57)] -> xpath: //a[@href=\"javascript:void(0)\" and @class=\"create-new-account ng-scope\"]]\nSession ID: 37e9ee382912640a992bda7bde242d57\r\n\tat java.base/jdk.internal.reflect.DirectConstructorHandleAccessor.newInstance(DirectConstructorHandleAccessor.java:62)\r\n\tat java.base/java.lang.reflect.Constructor.newInstanceWithCaller(Constructor.java:499)\r\n\tat java.base/java.lang.reflect.Constructor.newInstance(Constructor.java:483)\r\n\tat org.openqa.selenium.remote.ErrorCodec.decode(ErrorCodec.java:167)\r\n\tat org.openqa.selenium.remote.codec.w3c.W3CHttpResponseCodec.decode(W3CHttpResponseCodec.java:138)\r\n\tat org.openqa.selenium.remote.codec.w3c.W3CHttpResponseCodec.decode(W3CHttpResponseCodec.java:50)\r\n\tat org.openqa.selenium.remote.HttpCommandExecutor.execute(HttpCommandExecutor.java:215)\r\n\tat org.openqa.selenium.remote.service.DriverCommandExecutor.invokeExecute(DriverCommandExecutor.java:216)\r\n\tat org.openqa.selenium.remote.service.DriverCommandExecutor.execute(DriverCommandExecutor.java:174)\r\n\tat org.openqa.selenium.remote.RemoteWebDriver.execute(RemoteWebDriver.java:557)\r\n\tat org.openqa.selenium.remote.RemoteWebElement.execute(RemoteWebElement.java:223)\r\n\tat org.openqa.selenium.remote.RemoteWebElement.click(RemoteWebElement.java:76)\r\n\tat pageObjects.RegisterUser.clickCreateNewAccount(RegisterUser.java:31)\r\n\tat stepdefenition.RegsiterWithValidDetails.user_is_in_the_registration_page(RegsiterWithValidDetails.java:32)\r\n\tat ✽.user is in the registration page(file:///C:/Selenium%20demo/maven_cucumber_testNG/features/registerPage.feature:5)\r\n"},"stage":"finished","steps":[{"name":"Given  user is in the registration page","status":"broken","statusDetails":{"known":false,"muted":false,"flaky":false,"message":"element click intercepted: Element <a href=\"javascript:void(0)\" role=\"link\" class=\"create-new-account ng-scope\" translate=\"CREATE_NEW_ACCOUNT\" data-ng-click=\"createNewAccount()\">...</a> is not clickable at point (513, 538). Other element would receive the click: <div class=\"loader\" style=\"display: block; opacity: 1;\">...</div>\n  (Session info: MicrosoftEdge=142.0.3595.94)\nBuild info: version: '4.38.0', revision: '6b412e825c*'\nSystem info: os.name: 'Windows 10', os.arch: 'amd64', os.version: '10.0', java.version: '25'\nDriver info: org.openqa.selenium.edge.EdgeDriver\nCommand: [37e9ee382912640a992bda7bde242d57, clickElement {id=f.81800672521FDCB9EF77ABF1DC64F727.d.56FF94ABCDDF923BF9FA31A5789A5897.e.34}]\nCapabilities {acceptInsecureCerts: false, browserName: MicrosoftEdge, browserVersion: 142.0.3595.94, fedcm:accounts: true, goog:processID: 8120, ms:edgeOptions: {debuggerAddress: localhost:50234}, msedge: {msedgedriverVersion: 142.0.3595.94 (6565d6e52817..., userDataDir: C:\\Windows\\SystemTemp\\scope...}, networkConnectionEnabled: false, pageLoadStrategy: normal, platformName: windows, proxy: Proxy(), se:cdp: ws://localhost:50234/devtoo..., se:cdpVersion: 142.0.3595.94, setWindowRect: true, strictFileInteractability: false, timeouts: {implicit: 0, pageLoad: 300000, script: 30000}, unhandledPromptBehavior: dismiss and notify, webauthn:extension:credBlob: true, webauthn:extension:largeBlob: true, webauthn:extension:minPinLength: true, webauthn:extension:prf: true, webauthn:virtualAuthenticators: true}\nElement: [[EdgeDriver: MicrosoftEdge on windows (37e9ee382912640a992bda7bde242d57)] -> xpath: //a[@href=\"javascript:void(0)\" and @class=\"create-new-account ng-scope\"]]\nSession ID: 37e9ee382912640a992bda7bde242d57","trace":"org.openqa.selenium.ElementClickInterceptedException: element click intercepted: Element <a href=\"javascript:void(0)\" role=\"link\" class=\"create-new-account ng-scope\" translate=\"CREATE_NEW_ACCOUNT\" data-ng-click=\"createNewAccount()\">...</a> is not clickable at point (513, 538). Other element would receive the click: <div class=\"loader\" style=\"display: block; opacity: 1;\">...</div>\n  (Session info: MicrosoftEdge=142.0.3595.94)\nBuild info: version: '4.38.0', revision: '6b412e825c*'\nSystem info: os.name: 'Windows 10', os.arch: 'amd64', os.version: '10.0', java.version: '25'\nDriver info: org.openqa.selenium.edge.EdgeDriver\nCommand: [37e9ee382912640a992bda7bde242d57, clickElement {id=f.81800672521FDCB9EF77ABF1DC64F727.d.56FF94ABCDDF923BF9FA31A5789A5897.e.34}]\nCapabilities {acceptInsecureCerts: false, browserName: MicrosoftEdge, browserVersion: 142.0.3595.94, fedcm:accounts: true, goog:processID: 8120, ms:edgeOptions: {debuggerAddress: localhost:50234}, msedge: {msedgedriverVersion: 142.0.3595.94 (6565d6e52817..., userDataDir: C:\\Windows\\SystemTemp\\scope...}, networkConnectionEnabled: false, pageLoadStrategy: normal, platformName: windows, proxy: Proxy(), se:cdp: ws://localhost:50234/devtoo..., se:cdpVersion: 142.0.3595.94, setWindowRect: true, strictFileInteractability: false, timeouts: {implicit: 0, pageLoad: 300000, script: 30000}, unhandledPromptBehavior: dismiss and notify, webauthn:extension:credBlob: true, webauthn:extension:largeBlob: true, webauthn:extension:minPinLength: true, webauthn:extension:prf: true, webauthn:virtualAuthenticators: true}\nElement: [[EdgeDriver: MicrosoftEdge on windows (37e9ee382912640a992bda7bde242d57)] -> xpath: //a[@href=\"javascript:void(0)\" and @class=\"create-new-account ng-scope\"]]\nSession ID: 37e9ee382912640a992bda7bde242d57\r\n\tat java.base/jdk.internal.reflect.DirectConstructorHandleAccessor.newInstance(DirectConstructorHandleAccessor.java:62)\r\n\tat java.base/java.lang.reflect.Constructor.newInstanceWithCaller(Constructor.java:499)\r\n\tat java.base/java.lang.reflect.Constructor.newInstance(Constructor.java:483)\r\n\tat org.openqa.selenium.remote.ErrorCodec.decode(ErrorCodec.java:167)\r\n\tat org.openqa.selenium.remote.codec.w3c.W3CHttpResponseCodec.decode(W3CHttpResponseCodec.java:138)\r\n\tat org.openqa.selenium.remote.codec.w3c.W3CHttpResponseCodec.decode(W3CHttpResponseCodec.java:50)\r\n\tat org.openqa.selenium.remote.HttpCommandExecutor.execute(HttpCommandExecutor.java:215)\r\n\tat org.openqa.selenium.remote.service.DriverCommandExecutor.invokeExecute(DriverCommandExecutor.java:216)\r\n\tat org.openqa.selenium.remote.service.DriverCommandExecutor.execute(DriverCommandExecutor.java:174)\r\n\tat org.openqa.selenium.remote.RemoteWebDriver.execute(RemoteWebDriver.java:557)\r\n\tat org.openqa.selenium.remote.RemoteWebElement.execute(RemoteWebElement.java:223)\r\n\tat org.openqa.selenium.remote.RemoteWebElement.click(RemoteWebElement.java:76)\r\n\tat pageObjects.RegisterUser.clickCreateNewAccount(RegisterUser.java:31)\r\n\tat stepdefenition.RegsiterWithValidDetails.user_is_in_the_registration_page(RegsiterWithValidDetails.java:32)\r\n\tat ✽.user is in the registration page(file:///C:/Selenium%20demo/maven_cucumber_testNG/features/registerPage.feature:5)\r\n"},"stage":"finished","steps":[],"attachments":[],"parameters":[],"start":1764371414330,"stop":1764371418794},{"name":"When  user gives invalid details: username \"User124\", email \"user1@.c\", password \"User1@\"","status":"skipped","statusDetails":{"known":false,"muted":false,"flaky":false},"stage":"finished","steps":[],"attachments":[],"parameters":[],"start":1764371418795,"stop":1764371418795},{"name":"Then  the system shows an error message","status":"skipped","statusDetails":{"known":false,"muted":false,"flaky":false},"stage":"finished","steps":[],"attachments":[],"parameters":[],"start":1764371418796,"stop":1764371418796}],"attachments":[],"parameters":[{"name":"username","value":"User124"},{"name":"email","value":"user1@.c"},{"name":"password","value":"User1@"}],"start":1764371413067,"stop":1764371418965,"uuid":"effce553-e628-404e-8090-9a46e45b98f9","historyId":"7ecb89cd7843a794b86da03bddc91731","fullName":"Register Page: User gives invalid details","labels":[{"name":"host","value":"e4f755d820ed58d"},{"name":"thread","value":"7712@e4f755d820ed58d.main(3)"},{"name":"feature","value":"Register Page"},{"name":"story","value":"User gives invalid details"},{"name":"suite","value":"Register Page"},{"name":"testClass","value":"User gives invalid details"},{"name":"framework","value":"cucumber4jvm"},{"name":"language","value":"java"},{"name":"gherkin_uri","value":"file:///C:/Selenium%20demo/maven_cucumber_testNG/features/registerPage.feature"},{"name":"package","value":"features.registerPage_feature.Register Page"}],"links":[]}