<?xml version="1.0" encoding="UTF-8"?>
<testsuite xmlns:xsi="http://www.w3.org/2001/XMLSchema-instance" xsi:noNamespaceSchemaLocation="https://maven.apache.org/surefire/maven-surefire-plugin/xsd/surefire-test-report.xsd" name="TestSuite" time="590.934" tests="10" errors="0" skipped="0" failures="6">
  <properties>
[...]
</properties>
  <testcase name="runScenario" classname="testrunner" time="134.687">
    <failure message="no such element: Unable to locate element: {&quot;method&quot;:&quot;link text&quot;,&quot;selector&quot;:&quot;Bombizini guzini&quot;}&#10;  (Session info: MicrosoftEdge=142.0.3595.94)&#10;For documentation on this error, please visit: https://www.selenium.dev/documentation/webdriver/troubleshooting/errors#nosuchelementexception&#10;Build info: version: &apos;4.38.0&apos;, revision: &apos;6b412e825c*&apos;&#10;System info: os.name: &apos;Windows 10&apos;, os.arch: &apos;amd64&apos;, os.version: &apos;10.0&apos;, java.version: &apos;25&apos;&#10;Driver info: org.openqa.selenium.edge.EdgeDriver&#10;Command: [17edab617e9385f6ed2643949783d897, findElement {using=link text, value=Bombizini guzini}]&#10;Capabilities {acceptInsecureCerts: false, browserName: MicrosoftEdge, browserVersion: 142.0.3595.94, fedcm:accounts: true, goog:processID: 10776, ms:edgeOptions: {debuggerAddress: localhost:49909}, msedge: {msedgedriverVersion: 142.0.3595.94 (6565d6e52817..., userDataDir: C:\Windows\SystemTemp\scope...}, networkConnectionEnabled: false, pageLoadStrategy: normal, platformName: windows, proxy: Proxy(), se:cdp: ws://localhost:49909/devtoo..., se:cdpVersion: 142.0.3595.94, setWindowRect: true, strictFileInteractability: false, timeouts: {implicit: 0, pageLoad: 300000, script: 30000}, unhandledPromptBehavior: dismiss and notify, webauthn:extension:credBlob: true, webauthn:extension:largeBlob: true, webauthn:extension:minPinLength: true, webauthn:extension:prf: true, webauthn:virtualAuthenticators: true}&#10;Session ID: 17edab617e9385f6ed2643949783d897" type="org.openqa.selenium.NoSuchElementException">org.openqa.selenium.NoSuchElementException: 
no such element: Unable to locate element: {"method":"link text","selector":"Bombizini guzini"}
  (Session info: MicrosoftEdge=142.0.3595.94)
For documentation on this error, please visit: https://www.selenium.dev/documentation/webdriver/troubleshooting/errors#nosuchelementexception
Build info: version: '4.38.0', revision: '6b412e825c*'
System info: os.name: 'Windows 10', os.arch: 'amd64', os.version: '10.0', java.version: '25'
Driver info: org.openqa.selenium.edge.EdgeDriver
Command: [17edab617e9385f6ed2643949783d897, findElement {using=link text, value=Bombizini guzini}]
Capabilities {acceptInsecureCerts: false, browserName: MicrosoftEdge, browserVersion: 142.0.3595.94, fedcm:accounts: true, goog:processID: 10776, ms:edgeOptions: {debuggerAddress: localhost:49909}, msedge: {msedgedriverVersion: 142.0.3595.94 (6565d6e52817..., userDataDir: C:\Windows\SystemTemp\scope...}, networkConnectionEnabled: false, pageLoadStrategy: normal, platformName: windows, proxy: Proxy(), se:cdp: ws://localhost:49909/devtoo..., se:cdpVersion: 142.0.3595.94, setWindowRect: true, strictFileInteractability: false, timeouts: {implicit: 0, pageLoad: 300000, script: 30000}, unhandledPromptBehavior: dismiss and notify, webauthn:extension:credBlob: true, webauthn:extension:largeBlob: true, webauthn:extension:minPinLength: true, webauthn:extension:prf: true, webauthn:virtualAuthenticators: true}
Session ID: 17edab617e9385f6ed2643949783d897
</failure>
    <system-out><![CDATA[[TestNGContentHandler] [WARN] It is strongly recommended to add "<!DOCTYPE suite SYSTEM "https://testng.org/testng-1.0.dtd" >" at the top of your file, otherwise TestNG may fail or not work as expected.

Scenario: User adds an item to cart    # features/addToCart.feature:4
  Given user in the headphones section # stepdefenition.verifyCart.user_in_the_headphones_section()
  When user adds a headphone to cart   # stepdefenition.verifyCart.user_adds_a_headphone_to_cart()
      org.openqa.selenium.NoSuchElementException: no such element: Unable to locate element: {"method":"link text","selector":"Bombizini guzini"}
  (Session info: MicrosoftEdge=142.0.3595.94)
For documentation on this error, please visit: https://www.selenium.dev/documentation/webdriver/troubleshooting/errors#nosuchelementexception
Build info: version: '4.38.0', revision: '6b412e825c*'
System info: os.name: 'Windows 10', os.arch: 'amd64', os.version: '10.0', java.version: '25'
Driver info: org.openqa.selenium.edge.EdgeDriver
Command: [17edab617e9385f6ed2643949783d897, findElement {using=link text, value=Bombizini guzini}]
Capabilities {acceptInsecureCerts: false, browserName: MicrosoftEdge, browserVersion: 142.0.3595.94, fedcm:accounts: true, goog:processID: 10776, ms:edgeOptions: {debuggerAddress: localhost:49909}, msedge: {msedgedriverVersion: 142.0.3595.94 (6565d6e52817..., userDataDir: C:\Windows\SystemTemp\scope...}, networkConnectionEnabled: false, pageLoadStrategy: normal, platformName: windows, proxy: Proxy(), se:cdp: ws://localhost:49909/devtoo..., se:cdpVersion: 142.0.3595.94, setWindowRect: true, strictFileInteractability: false, timeouts: {implicit: 0, pageLoad: 300000, script: 30000}, unhandledPromptBehavior: dismiss and notify, webauthn:extension:credBlob: true, webauthn:extension:largeBlob: true, webauthn:extension:minPinLength: true, webauthn:extension:prf: true, webauthn:virtualAuthenticators: true}
Session ID: 17edab617e9385f6ed2643949783d897
	at java.base/jdk.internal.reflect.DirectConstructorHandleAccessor.newInstance(DirectConstructorHandleAccessor.java:62)
	at java.base/java.lang.reflect.Constructor.newInstanceWithCaller(Constructor.java:499)
	at java.base/java.lang.reflect.Constructor.newInstance(Constructor.java:483)
	at org.openqa.selenium.remote.ErrorCodec.decode(ErrorCodec.java:167)
	at org.openqa.selenium.remote.codec.w3c.W3CHttpResponseCodec.decode(W3CHttpResponseCodec.java:138)
	at org.openqa.selenium.remote.codec.w3c.W3CHttpResponseCodec.decode(W3CHttpResponseCodec.java:50)
	at org.openqa.selenium.remote.HttpCommandExecutor.execute(HttpCommandExecutor.java:215)
	at org.openqa.selenium.remote.service.DriverCommandExecutor.invokeExecute(DriverCommandExecutor.java:216)
	at org.openqa.selenium.remote.service.DriverCommandExecutor.execute(DriverCommandExecutor.java:174)
	at org.openqa.selenium.remote.RemoteWebDriver.execute(RemoteWebDriver.java:557)
	at org.openqa.selenium.remote.ElementLocation$ElementFinder$2.findElement(ElementLocation.java:165)
	at org.openqa.selenium.remote.ElementLocation.findElement(ElementLocation.java:59)
	at org.openqa.selenium.remote.RemoteWebDriver.findElement(RemoteWebDriver.java:380)
	at org.openqa.selenium.remote.RemoteWebDriver.findElement(RemoteWebDriver.java:374)
	at pageObjects.Cart.addHeadphoneToCart(Cart.java:19)
	at stepdefenition.verifyCart.user_adds_a_headphone_to_cart(verifyCart.java:34)
	at ✽.user adds a headphone to cart(file:///C:/Selenium%20demo/maven_cucumber_testNG/features/addToCart.feature:6)

  Then the product appears in the cart # stepdefenition.verifyCart.the_product_appears_in_the_cart()
]]></system-out>
    <system-err><![CDATA[SLF4J: Failed to load class "org.slf4j.impl.StaticLoggerBinder".
SLF4J: Defaulting to no-operation (NOP) logger implementation
SLF4J: See http://www.slf4j.org/codes.html#StaticLoggerBinder for further details.
]]></system-err>
  </testcase>
  <testcase name="runScenario" classname="testrunner" time="130.183">
    <failure message="no such element: Unable to locate element: {&quot;method&quot;:&quot;css selector&quot;,&quot;selector&quot;:&quot;.titleItemsCount.ng-binding&quot;}&#10;  (Session info: MicrosoftEdge=142.0.3595.94)&#10;For documentation on this error, please visit: https://www.selenium.dev/documentation/webdriver/troubleshooting/errors#nosuchelementexception&#10;Build info: version: &apos;4.38.0&apos;, revision: &apos;6b412e825c*&apos;&#10;System info: os.name: &apos;Windows 10&apos;, os.arch: &apos;amd64&apos;, os.version: &apos;10.0&apos;, java.version: &apos;25&apos;&#10;Driver info: org.openqa.selenium.edge.EdgeDriver&#10;Command: [811839557dc2b98401faa06d758f7e4a, findElement {using=css selector, value=.titleItemsCount.ng-binding}]&#10;Capabilities {acceptInsecureCerts: false, browserName: MicrosoftEdge, browserVersion: 142.0.3595.94, fedcm:accounts: true, goog:processID: 4884, ms:edgeOptions: {debuggerAddress: localhost:49987}, msedge: {msedgedriverVersion: 142.0.3595.94 (6565d6e52817..., userDataDir: C:\Windows\SystemTemp\scope...}, networkConnectionEnabled: false, pageLoadStrategy: normal, platformName: windows, proxy: Proxy(), se:cdp: ws://localhost:49987/devtoo..., se:cdpVersion: 142.0.3595.94, setWindowRect: true, strictFileInteractability: false, timeouts: {implicit: 0, pageLoad: 300000, script: 30000}, unhandledPromptBehavior: dismiss and notify, webauthn:extension:credBlob: true, webauthn:extension:largeBlob: true, webauthn:extension:minPinLength: true, webauthn:extension:prf: true, webauthn:virtualAuthenticators: true}&#10;Session ID: 811839557dc2b98401faa06d758f7e4a" type="org.openqa.selenium.NoSuchElementException">org.openqa.selenium.NoSuchElementException: 
no such element: Unable to locate element: {"method":"css selector","selector":".titleItemsCount.ng-binding"}
  (Session info: MicrosoftEdge=142.0.3595.94)
For documentation on this error, please visit: https://www.selenium.dev/documentation/webdriver/troubleshooting/errors#nosuchelementexception
Build info: version: '4.38.0', revision: '6b412e825c*'
System info: os.name: 'Windows 10', os.arch: 'amd64', os.version: '10.0', java.version: '25'
Driver info: org.openqa.selenium.edge.EdgeDriver
Command: [811839557dc2b98401faa06d758f7e4a, findElement {using=css selector, value=.titleItemsCount.ng-binding}]
Capabilities {acceptInsecureCerts: false, browserName: MicrosoftEdge, browserVersion: 142.0.3595.94, fedcm:accounts: true, goog:processID: 4884, ms:edgeOptions: {debuggerAddress: localhost:49987}, msedge: {msedgedriverVersion: 142.0.3595.94 (6565d6e52817..., userDataDir: C:\Windows\SystemTemp\scope...}, networkConnectionEnabled: false, pageLoadStrategy: normal, platformName: windows, proxy: Proxy(), se:cdp: ws://localhost:49987/devtoo..., se:cdpVersion: 142.0.3595.94, setWindowRect: true, strictFileInteractability: false, timeouts: {implicit: 0, pageLoad: 300000, script: 30000}, unhandledPromptBehavior: dismiss and notify, webauthn:extension:credBlob: true, webauthn:extension:largeBlob: true, webauthn:extension:minPinLength: true, webauthn:extension:prf: true, webauthn:virtualAuthenticators: true}
Session ID: 811839557dc2b98401faa06d758f7e4a
</failure>
    <system-out><![CDATA[
Scenario: System shows correct item count         # features/itemCount.feature:3
  Given the user is in the headphone section      # stepdefenition.HeadphoneCountCheck.the_user_is_in_the_headphone_section()
  When the item count is displayed                # stepdefenition.HeadphoneCountCheck.the_item_count_is_displayed()
      org.openqa.selenium.NoSuchElementException: no such element: Unable to locate element: {"method":"css selector","selector":".titleItemsCount.ng-binding"}
  (Session info: MicrosoftEdge=142.0.3595.94)
For documentation on this error, please visit: https://www.selenium.dev/documentation/webdriver/troubleshooting/errors#nosuchelementexception
Build info: version: '4.38.0', revision: '6b412e825c*'
System info: os.name: 'Windows 10', os.arch: 'amd64', os.version: '10.0', java.version: '25'
Driver info: org.openqa.selenium.edge.EdgeDriver
Command: [811839557dc2b98401faa06d758f7e4a, findElement {using=css selector, value=.titleItemsCount.ng-binding}]
Capabilities {acceptInsecureCerts: false, browserName: MicrosoftEdge, browserVersion: 142.0.3595.94, fedcm:accounts: true, goog:processID: 4884, ms:edgeOptions: {debuggerAddress: localhost:49987}, msedge: {msedgedriverVersion: 142.0.3595.94 (6565d6e52817..., userDataDir: C:\Windows\SystemTemp\scope...}, networkConnectionEnabled: false, pageLoadStrategy: normal, platformName: windows, proxy: Proxy(), se:cdp: ws://localhost:49987/devtoo..., se:cdpVersion: 142.0.3595.94, setWindowRect: true, strictFileInteractability: false, timeouts: {implicit: 0, pageLoad: 300000, script: 30000}, unhandledPromptBehavior: dismiss and notify, webauthn:extension:credBlob: true, webauthn:extension:largeBlob: true, webauthn:extension:minPinLength: true, webauthn:extension:prf: true, webauthn:virtualAuthenticators: true}
Session ID: 811839557dc2b98401faa06d758f7e4a
	at java.base/jdk.internal.reflect.DirectConstructorHandleAccessor.newInstance(DirectConstructorHandleAccessor.java:62)
	at java.base/java.lang.reflect.Constructor.newInstanceWithCaller(Constructor.java:499)
	at java.base/java.lang.reflect.Constructor.newInstance(Constructor.java:483)
	at org.openqa.selenium.remote.ErrorCodec.decode(ErrorCodec.java:167)
	at org.openqa.selenium.remote.codec.w3c.W3CHttpResponseCodec.decode(W3CHttpResponseCodec.java:138)
	at org.openqa.selenium.remote.codec.w3c.W3CHttpResponseCodec.decode(W3CHttpResponseCodec.java:50)
	at org.openqa.selenium.remote.HttpCommandExecutor.execute(HttpCommandExecutor.java:215)
	at org.openqa.selenium.remote.service.DriverCommandExecutor.invokeExecute(DriverCommandExecutor.java:216)
	at org.openqa.selenium.remote.service.DriverCommandExecutor.execute(DriverCommandExecutor.java:174)
	at org.openqa.selenium.remote.RemoteWebDriver.execute(RemoteWebDriver.java:557)
	at org.openqa.selenium.remote.ElementLocation$ElementFinder$2.findElement(ElementLocation.java:165)
	at org.openqa.selenium.remote.ElementLocation.findElement(ElementLocation.java:59)
	at org.openqa.selenium.remote.RemoteWebDriver.findElement(RemoteWebDriver.java:380)
	at org.openqa.selenium.remote.RemoteWebDriver.findElement(RemoteWebDriver.java:374)
	at pageObjects.Headphones.getItemCount(Headphones.java:22)
	at stepdefenition.HeadphoneCountCheck.the_item_count_is_displayed(HeadphoneCountCheck.java:38)
	at ✽.the item count is displayed(file:///C:/Selenium%20demo/maven_cucumber_testNG/features/itemCount.feature:7)

  Then the system shows that same amount of items # stepdefenition.HeadphoneCountCheck.the_system_shows_that_same_amount_of_items()
]]></system-out>
  </testcase>
  <testcase name="runScenario" classname="testrunner" time="130.222"/>
  <testcase name="runScenario" classname="testrunner" time="5.828">
    <failure message="element click intercepted: Element &lt;a href=&quot;javascript:void(0)&quot; role=&quot;link&quot; class=&quot;create-new-account ng-scope&quot; translate=&quot;CREATE_NEW_ACCOUNT&quot; data-ng-click=&quot;createNewAccount()&quot;&gt;...&lt;/a&gt; is not clickable at point (513, 411). Other element would receive the click: &lt;div class=&quot;loader&quot; style=&quot;display: block; opacity: 1;&quot;&gt;...&lt;/div&gt;&#10;  (Session info: MicrosoftEdge=142.0.3595.94)&#10;Build info: version: &apos;4.38.0&apos;, revision: &apos;6b412e825c*&apos;&#10;System info: os.name: &apos;Windows 10&apos;, os.arch: &apos;amd64&apos;, os.version: &apos;10.0&apos;, java.version: &apos;25&apos;&#10;Driver info: org.openqa.selenium.edge.EdgeDriver&#10;Command: [cfd4b8ca2c1f826055387847f657567a, clickElement {id=f.735A9FA2306C4A488EFC146EE0C3255C.d.920018CC3E4AF9758688248DEE90FEF6.e.34}]&#10;Capabilities {acceptInsecureCerts: false, browserName: MicrosoftEdge, browserVersion: 142.0.3595.94, fedcm:accounts: true, goog:processID: 10212, ms:edgeOptions: {debuggerAddress: localhost:50130}, msedge: {msedgedriverVersion: 142.0.3595.94 (6565d6e52817..., userDataDir: C:\Windows\SystemTemp\scope...}, networkConnectionEnabled: false, pageLoadStrategy: normal, platformName: windows, proxy: Proxy(), se:cdp: ws://localhost:50130/devtoo..., se:cdpVersion: 142.0.3595.94, setWindowRect: true, strictFileInteractability: false, timeouts: {implicit: 0, pageLoad: 300000, script: 30000}, unhandledPromptBehavior: dismiss and notify, webauthn:extension:credBlob: true, webauthn:extension:largeBlob: true, webauthn:extension:minPinLength: true, webauthn:extension:prf: true, webauthn:virtualAuthenticators: true}&#10;Element: [[EdgeDriver: MicrosoftEdge on windows (cfd4b8ca2c1f826055387847f657567a)] -&gt; xpath: //a[@href=&quot;javascript:void(0)&quot; and @class=&quot;create-new-account ng-scope&quot;]]&#10;Session ID: cfd4b8ca2c1f826055387847f657567a" type="org.openqa.selenium.ElementClickInterceptedException"><![CDATA[org.openqa.selenium.ElementClickInterceptedException: 
element click intercepted: Element <a href="javascript:void(0)" role="link" class="create-new-account ng-scope" translate="CREATE_NEW_ACCOUNT" data-ng-click="createNewAccount()">...</a> is not clickable at point (513, 411). Other element would receive the click: <div class="loader" style="display: block; opacity: 1;">...</div>
  (Session info: MicrosoftEdge=142.0.3595.94)
Build info: version: '4.38.0', revision: '6b412e825c*'
System info: os.name: 'Windows 10', os.arch: 'amd64', os.version: '10.0', java.version: '25'
Driver info: org.openqa.selenium.edge.EdgeDriver
Command: [cfd4b8ca2c1f826055387847f657567a, clickElement {id=f.735A9FA2306C4A488EFC146EE0C3255C.d.920018CC3E4AF9758688248DEE90FEF6.e.34}]
Capabilities {acceptInsecureCerts: false, browserName: MicrosoftEdge, browserVersion: 142.0.3595.94, fedcm:accounts: true, goog:processID: 10212, ms:edgeOptions: {debuggerAddress: localhost:50130}, msedge: {msedgedriverVersion: 142.0.3595.94 (6565d6e52817..., userDataDir: C:\Windows\SystemTemp\scope...}, networkConnectionEnabled: false, pageLoadStrategy: normal, platformName: windows, proxy: Proxy(), se:cdp: ws://localhost:50130/devtoo..., se:cdpVersion: 142.0.3595.94, setWindowRect: true, strictFileInteractability: false, timeouts: {implicit: 0, pageLoad: 300000, script: 30000}, unhandledPromptBehavior: dismiss and notify, webauthn:extension:credBlob: true, webauthn:extension:largeBlob: true, webauthn:extension:minPinLength: true, webauthn:extension:prf: true, webauthn:virtualAuthenticators: true}
Element: [[EdgeDriver: MicrosoftEdge on windows (cfd4b8ca2c1f826055387847f657567a)] -> xpath: //a[@href="javascript:void(0)" and @class="create-new-account ng-scope"]]
Session ID: cfd4b8ca2c1f826055387847f657567a
]]></failure>
    <system-out><![CDATA[
Scenario Outline: User gives valid details                                                     # features/registerPage.feature:14
  Given user is in the registration page                                                       # stepdefenition.RegsiterWithValidDetails.user_is_in_the_registration_page()
      org.openqa.selenium.ElementClickInterceptedException: element click intercepted: Element <a href="javascript:void(0)" role="link" class="create-new-account ng-scope" translate="CREATE_NEW_ACCOUNT" data-ng-click="createNewAccount()">...</a> is not clickable at point (513, 411). Other element would receive the click: <div class="loader" style="display: block; opacity: 1;">...</div>
  (Session info: MicrosoftEdge=142.0.3595.94)
Build info: version: '4.38.0', revision: '6b412e825c*'
System info: os.name: 'Windows 10', os.arch: 'amd64', os.version: '10.0', java.version: '25'
Driver info: org.openqa.selenium.edge.EdgeDriver
Command: [cfd4b8ca2c1f826055387847f657567a, clickElement {id=f.735A9FA2306C4A488EFC146EE0C3255C.d.920018CC3E4AF9758688248DEE90FEF6.e.34}]
Capabilities {acceptInsecureCerts: false, browserName: MicrosoftEdge, browserVersion: 142.0.3595.94, fedcm:accounts: true, goog:processID: 10212, ms:edgeOptions: {debuggerAddress: localhost:50130}, msedge: {msedgedriverVersion: 142.0.3595.94 (6565d6e52817..., userDataDir: C:\Windows\SystemTemp\scope...}, networkConnectionEnabled: false, pageLoadStrategy: normal, platformName: windows, proxy: Proxy(), se:cdp: ws://localhost:50130/devtoo..., se:cdpVersion: 142.0.3595.94, setWindowRect: true, strictFileInteractability: false, timeouts: {implicit: 0, pageLoad: 300000, script: 30000}, unhandledPromptBehavior: dismiss and notify, webauthn:extension:credBlob: true, webauthn:extension:largeBlob: true, webauthn:extension:minPinLength: true, webauthn:extension:prf: true, webauthn:virtualAuthenticators: true}
Element: [[EdgeDriver: MicrosoftEdge on windows (cfd4b8ca2c1f826055387847f657567a)] -> xpath: //a[@href="javascript:void(0)" and @class="create-new-account ng-scope"]]
Session ID: cfd4b8ca2c1f826055387847f657567a
	at java.base/jdk.internal.reflect.DirectConstructorHandleAccessor.newInstance(DirectConstructorHandleAccessor.java:62)
	at java.base/java.lang.reflect.Constructor.newInstanceWithCaller(Constructor.java:499)
	at java.base/java.lang.reflect.Constructor.newInstance(Constructor.java:483)
	at org.openqa.selenium.remote.ErrorCodec.decode(ErrorCodec.java:167)
	at org.openqa.selenium.remote.codec.w3c.W3CHttpResponseCodec.decode(W3CHttpResponseCodec.java:138)
	at org.openqa.selenium.remote.codec.w3c.W3CHttpResponseCodec.decode(W3CHttpResponseCodec.java:50)
	at org.openqa.selenium.remote.HttpCommandExecutor.execute(HttpCommandExecutor.java:215)
	at org.openqa.selenium.remote.service.DriverCommandExecutor.invokeExecute(DriverCommandExecutor.java:216)
	at org.openqa.selenium.remote.service.DriverCommandExecutor.execute(DriverCommandExecutor.java:174)
	at org.openqa.selenium.remote.RemoteWebDriver.execute(RemoteWebDriver.java:557)
	at org.openqa.selenium.remote.RemoteWebElement.execute(RemoteWebElement.java:223)
	at org.openqa.selenium.remote.RemoteWebElement.click(RemoteWebElement.java:76)
	at pageObjects.RegisterUser.clickCreateNewAccount(RegisterUser.java:31)
	at stepdefenition.RegsiterWithValidDetails.user_is_in_the_registration_page(RegsiterWithValidDetails.java:32)
	at ✽.user is in the registration page(file:///C:/Selenium%20demo/maven_cucumber_testNG/features/registerPage.feature:5)

  When user gives valid details: username "User207", email "user8@gmail.com",password "User1@" # stepdefenition.RegsiterWithValidDetails.user_gives_valid_details_username_email_password(java.lang.String,java.lang.String,java.lang.String)
  Then user moves to home page                                                                 # stepdefenition.RegsiterWithValidDetails.user_moves_to_home_page()
]]></system-out>
  </testcase>
  <testcase name="runScenario" classname="testrunner" time="12.306">
    <failure message="expected [true] but found [false]" type="java.lang.AssertionError">java.lang.AssertionError: expected [true] but found [false]
</failure>
    <system-out><![CDATA[
Scenario Outline: User gives invalid details                                                 # features/registerPage.feature:23
  Given user is in the registration page                                                     # stepdefenition.RegsiterWithValidDetails.user_is_in_the_registration_page()
  When user gives invalid details: username "User124", email "user1@ggcc", password "User1@" # stepdefenition.RegisterWithInvalidDetails.user_gives_invalid_details_username_email_password(java.lang.String,java.lang.String,java.lang.String)
Taking screenshot
  Then the system shows an error message                                                     # stepdefenition.RegisterWithInvalidDetails.the_system_shows_an_error_message()
      java.lang.AssertionError: expected [true] but found [false]
	at org.testng.Assert.fail(Assert.java:97)
	at org.testng.Assert.failNotEquals(Assert.java:969)
	at org.testng.Assert.assertTrue(Assert.java:43)
	at org.testng.Assert.assertTrue(Assert.java:53)
	at stepdefenition.RegisterWithInvalidDetails.the_system_shows_an_error_message(RegisterWithInvalidDetails.java:41)
	at ✽.the system shows an error message(file:///C:/Selenium%20demo/maven_cucumber_testNG/features/registerPage.feature:19)

]]></system-out>
  </testcase>
  <testcase name="runScenario" classname="testrunner" time="12.722"/>
  <testcase name="runScenario" classname="testrunner" time="5.93">
    <failure message="element click intercepted: Element &lt;a href=&quot;javascript:void(0)&quot; role=&quot;link&quot; class=&quot;create-new-account ng-scope&quot; translate=&quot;CREATE_NEW_ACCOUNT&quot; data-ng-click=&quot;createNewAccount()&quot;&gt;...&lt;/a&gt; is not clickable at point (513, 538). Other element would receive the click: &lt;div class=&quot;loader&quot; style=&quot;display: block; opacity: 1;&quot;&gt;...&lt;/div&gt;&#10;  (Session info: MicrosoftEdge=142.0.3595.94)&#10;Build info: version: &apos;4.38.0&apos;, revision: &apos;6b412e825c*&apos;&#10;System info: os.name: &apos;Windows 10&apos;, os.arch: &apos;amd64&apos;, os.version: &apos;10.0&apos;, java.version: &apos;25&apos;&#10;Driver info: org.openqa.selenium.edge.EdgeDriver&#10;Command: [37e9ee382912640a992bda7bde242d57, clickElement {id=f.81800672521FDCB9EF77ABF1DC64F727.d.56FF94ABCDDF923BF9FA31A5789A5897.e.34}]&#10;Capabilities {acceptInsecureCerts: false, browserName: MicrosoftEdge, browserVersion: 142.0.3595.94, fedcm:accounts: true, goog:processID: 8120, ms:edgeOptions: {debuggerAddress: localhost:50234}, msedge: {msedgedriverVersion: 142.0.3595.94 (6565d6e52817..., userDataDir: C:\Windows\SystemTemp\scope...}, networkConnectionEnabled: false, pageLoadStrategy: normal, platformName: windows, proxy: Proxy(), se:cdp: ws://localhost:50234/devtoo..., se:cdpVersion: 142.0.3595.94, setWindowRect: true, strictFileInteractability: false, timeouts: {implicit: 0, pageLoad: 300000, script: 30000}, unhandledPromptBehavior: dismiss and notify, webauthn:extension:credBlob: true, webauthn:extension:largeBlob: true, webauthn:extension:minPinLength: true, webauthn:extension:prf: true, webauthn:virtualAuthenticators: true}&#10;Element: [[EdgeDriver: MicrosoftEdge on windows (37e9ee382912640a992bda7bde242d57)] -&gt; xpath: //a[@href=&quot;javascript:void(0)&quot; and @class=&quot;create-new-account ng-scope&quot;]]&#10;Session ID: 37e9ee382912640a992bda7bde242d57" type="org.openqa.selenium.ElementClickInterceptedException"><![CDATA[org.openqa.selenium.ElementClickInterceptedException: 
element click intercepted: Element <a href="javascript:void(0)" role="link" class="create-new-account ng-scope" translate="CREATE_NEW_ACCOUNT" data-ng-click="createNewAccount()">...</a> is not clickable at point (513, 538). Other element would receive the click: <div class="loader" style="display: block; opacity: 1;">...</div>
  (Session info: MicrosoftEdge=142.0.3595.94)
Build info: version: '4.38.0', revision: '6b412e825c*'
System info: os.name: 'Windows 10', os.arch: 'amd64', os.version: '10.0', java.version: '25'
Driver info: org.openqa.selenium.edge.EdgeDriver
Command: [37e9ee382912640a992bda7bde242d57, clickElement {id=f.81800672521FDCB9EF77ABF1DC64F727.d.56FF94ABCDDF923BF9FA31A5789A5897.e.34}]
Capabilities {acceptInsecureCerts: false, browserName: MicrosoftEdge, browserVersion: 142.0.3595.94, fedcm:accounts: true, goog:processID: 8120, ms:edgeOptions: {debuggerAddress: localhost:50234}, msedge: {msedgedriverVersion: 142.0.3595.94 (6565d6e52817..., userDataDir: C:\Windows\SystemTemp\scope...}, networkConnectionEnabled: false, pageLoadStrategy: normal, platformName: windows, proxy: Proxy(), se:cdp: ws://localhost:50234/devtoo..., se:cdpVersion: 142.0.3595.94, setWindowRect: true, strictFileInteractability: false, timeouts: {implicit: 0, pageLoad: 300000, script: 30000}, unhandledPromptBehavior: dismiss and notify, webauthn:extension:credBlob: true, webauthn:extension:largeBlob: true, webauthn:extension:minPinLength: true, webauthn:extension:prf: true, webauthn:virtualAuthenticators: true}
Element: [[EdgeDriver: MicrosoftEdge on windows (37e9ee382912640a992bda7bde242d57)] -> xpath: //a[@href="javascript:void(0)" and @class="create-new-account ng-scope"]]
Session ID: 37e9ee382912640a992bda7bde242d57
]]></failure>
    <system-out><![CDATA[
Scenario Outline: User gives invalid details                                               # features/registerPage.feature:25
  Given user is in the registration page                                                   # stepdefenition.RegsiterWithValidDetails.user_is_in_the_registration_page()
      org.openqa.selenium.ElementClickInterceptedException: element click intercepted: Element <a href="javascript:void(0)" role="link" class="create-new-account ng-scope" translate="CREATE_NEW_ACCOUNT" data-ng-click="createNewAccount()">...</a> is not clickable at point (513, 538). Other element would receive the click: <div class="loader" style="display: block; opacity: 1;">...</div>
  (Session info: MicrosoftEdge=142.0.3595.94)
Build info: version: '4.38.0', revision: '6b412e825c*'
System info: os.name: 'Windows 10', os.arch: 'amd64', os.version: '10.0', java.version: '25'
Driver info: org.openqa.selenium.edge.EdgeDriver
Command: [37e9ee382912640a992bda7bde242d57, clickElement {id=f.81800672521FDCB9EF77ABF1DC64F727.d.56FF94ABCDDF923BF9FA31A5789A5897.e.34}]
Capabilities {acceptInsecureCerts: false, browserName: MicrosoftEdge, browserVersion: 142.0.3595.94, fedcm:accounts: true, goog:processID: 8120, ms:edgeOptions: {debuggerAddress: localhost:50234}, msedge: {msedgedriverVersion: 142.0.3595.94 (6565d6e52817..., userDataDir: C:\Windows\SystemTemp\scope...}, networkConnectionEnabled: false, pageLoadStrategy: normal, platformName: windows, proxy: Proxy(), se:cdp: ws://localhost:50234/devtoo..., se:cdpVersion: 142.0.3595.94, setWindowRect: true, strictFileInteractability: false, timeouts: {implicit: 0, pageLoad: 300000, script: 30000}, unhandledPromptBehavior: dismiss and notify, webauthn:extension:credBlob: true, webauthn:extension:largeBlob: true, webauthn:extension:minPinLength: true, webauthn:extension:prf: true, webauthn:virtualAuthenticators: true}
Element: [[EdgeDriver: MicrosoftEdge on windows (37e9ee382912640a992bda7bde242d57)] -> xpath: //a[@href="javascript:void(0)" and @class="create-new-account ng-scope"]]
Session ID: 37e9ee382912640a992bda7bde242d57
	at java.base/jdk.internal.reflect.DirectConstructorHandleAccessor.newInstance(DirectConstructorHandleAccessor.java:62)
	at java.base/java.lang.reflect.Constructor.newInstanceWithCaller(Constructor.java:499)
	at java.base/java.lang.reflect.Constructor.newInstance(Constructor.java:483)
	at org.openqa.selenium.remote.ErrorCodec.decode(ErrorCodec.java:167)
	at org.openqa.selenium.remote.codec.w3c.W3CHttpResponseCodec.decode(W3CHttpResponseCodec.java:138)
	at org.openqa.selenium.remote.codec.w3c.W3CHttpResponseCodec.decode(W3CHttpResponseCodec.java:50)
	at org.openqa.selenium.remote.HttpCommandExecutor.execute(HttpCommandExecutor.java:215)
	at org.openqa.selenium.remote.service.DriverCommandExecutor.invokeExecute(DriverCommandExecutor.java:216)
	at org.openqa.selenium.remote.service.DriverCommandExecutor.execute(DriverCommandExecutor.java:174)
	at org.openqa.selenium.remote.RemoteWebDriver.execute(RemoteWebDriver.java:557)
	at org.openqa.selenium.remote.RemoteWebElement.execute(RemoteWebElement.java:223)
	at org.openqa.selenium.remote.RemoteWebElement.click(RemoteWebElement.java:76)
	at pageObjects.RegisterUser.clickCreateNewAccount(RegisterUser.java:31)
	at stepdefenition.RegsiterWithValidDetails.user_is_in_the_registration_page(RegsiterWithValidDetails.java:32)
	at ✽.user is in the registration page(file:///C:/Selenium%20demo/maven_cucumber_testNG/features/registerPage.feature:5)

  When user gives invalid details: username "User124", email "user1@.c", password "User1@" # stepdefenition.RegisterWithInvalidDetails.user_gives_invalid_details_username_email_password(java.lang.String,java.lang.String,java.lang.String)
  Then the system shows an error message                                                   # stepdefenition.RegisterWithInvalidDetails.the_system_shows_an_error_message()
]]></system-out>
  </testcase>
  <testcase name="runScenario" classname="testrunner" time="130.283">
    <failure message="no such element: Unable to locate element: {&quot;method&quot;:&quot;link text&quot;,&quot;selector&quot;:&quot;Bombizini guzini&quot;}&#10;  (Session info: MicrosoftEdge=142.0.3595.94)&#10;For documentation on this error, please visit: https://www.selenium.dev/documentation/webdriver/troubleshooting/errors#nosuchelementexception&#10;Build info: version: &apos;4.38.0&apos;, revision: &apos;6b412e825c*&apos;&#10;System info: os.name: &apos;Windows 10&apos;, os.arch: &apos;amd64&apos;, os.version: &apos;10.0&apos;, java.version: &apos;25&apos;&#10;Driver info: org.openqa.selenium.edge.EdgeDriver&#10;Command: [cfa9908b2570b83f3a389132f45f9548, findElement {using=link text, value=Bombizini guzini}]&#10;Capabilities {acceptInsecureCerts: false, browserName: MicrosoftEdge, browserVersion: 142.0.3595.94, fedcm:accounts: true, goog:processID: 7964, ms:edgeOptions: {debuggerAddress: localhost:50260}, msedge: {msedgedriverVersion: 142.0.3595.94 (6565d6e52817..., userDataDir: C:\Windows\SystemTemp\scope...}, networkConnectionEnabled: false, pageLoadStrategy: normal, platformName: windows, proxy: Proxy(), se:cdp: ws://localhost:50260/devtoo..., se:cdpVersion: 142.0.3595.94, setWindowRect: true, strictFileInteractability: false, timeouts: {implicit: 0, pageLoad: 300000, script: 30000}, unhandledPromptBehavior: dismiss and notify, webauthn:extension:credBlob: true, webauthn:extension:largeBlob: true, webauthn:extension:minPinLength: true, webauthn:extension:prf: true, webauthn:virtualAuthenticators: true}&#10;Session ID: cfa9908b2570b83f3a389132f45f9548" type="org.openqa.selenium.NoSuchElementException">org.openqa.selenium.NoSuchElementException: 
no such element: Unable to locate element: {"method":"link text","selector":"Bombizini guzini"}
  (Session info: MicrosoftEdge=142.0.3595.94)
For documentation on this error, please visit: https://www.selenium.dev/documentation/webdriver/troubleshooting/errors#nosuchelementexception
Build info: version: '4.38.0', revision: '6b412e825c*'
System info: os.name: 'Windows 10', os.arch: 'amd64', os.version: '10.0', java.version: '25'
Driver info: org.openqa.selenium.edge.EdgeDriver
Command: [cfa9908b2570b83f3a389132f45f9548, findElement {using=link text, value=Bombizini guzini}]
Capabilities {acceptInsecureCerts: false, browserName: MicrosoftEdge, browserVersion: 142.0.3595.94, fedcm:accounts: true, goog:processID: 7964, ms:edgeOptions: {debuggerAddress: localhost:50260}, msedge: {msedgedriverVersion: 142.0.3595.94 (6565d6e52817..., userDataDir: C:\Windows\SystemTemp\scope...}, networkConnectionEnabled: false, pageLoadStrategy: normal, platformName: windows, proxy: Proxy(), se:cdp: ws://localhost:50260/devtoo..., se:cdpVersion: 142.0.3595.94, setWindowRect: true, strictFileInteractability: false, timeouts: {implicit: 0, pageLoad: 300000, script: 30000}, unhandledPromptBehavior: dismiss and notify, webauthn:extension:credBlob: true, webauthn:extension:largeBlob: true, webauthn:extension:minPinLength: true, webauthn:extension:prf: true, webauthn:virtualAuthenticators: true}
Session ID: cfa9908b2570b83f3a389132f45f9548
</failure>
    <system-out><![CDATA[
Scenario: User removes a product from cart # features/removeFromCart.feature:3
  Given user is in cart page               # stepdefenition.removeFromCart.user_is_in_cart_page()
      org.openqa.selenium.NoSuchElementException: no such element: Unable to locate element: {"method":"link text","selector":"Bombizini guzini"}
  (Session info: MicrosoftEdge=142.0.3595.94)
For documentation on this error, please visit: https://www.selenium.dev/documentation/webdriver/troubleshooting/errors#nosuchelementexception
Build info: version: '4.38.0', revision: '6b412e825c*'
System info: os.name: 'Windows 10', os.arch: 'amd64', os.version: '10.0', java.version: '25'
Driver info: org.openqa.selenium.edge.EdgeDriver
Command: [cfa9908b2570b83f3a389132f45f9548, findElement {using=link text, value=Bombizini guzini}]
Capabilities {acceptInsecureCerts: false, browserName: MicrosoftEdge, browserVersion: 142.0.3595.94, fedcm:accounts: true, goog:processID: 7964, ms:edgeOptions: {debuggerAddress: localhost:50260}, msedge: {msedgedriverVersion: 142.0.3595.94 (6565d6e52817..., userDataDir: C:\Windows\SystemTemp\scope...}, networkConnectionEnabled: false, pageLoadStrategy: normal, platformName: windows, proxy: Proxy(), se:cdp: ws://localhost:50260/devtoo..., se:cdpVersion: 142.0.3595.94, setWindowRect: true, strictFileInteractability: false, timeouts: {implicit: 0, pageLoad: 300000, script: 30000}, unhandledPromptBehavior: dismiss and notify, webauthn:extension:credBlob: true, webauthn:extension:largeBlob: true, webauthn:extension:minPinLength: true, webauthn:extension:prf: true, webauthn:virtualAuthenticators: true}
Session ID: cfa9908b2570b83f3a389132f45f9548
	at java.base/jdk.internal.reflect.DirectConstructorHandleAccessor.newInstance(DirectConstructorHandleAccessor.java:62)
	at java.base/java.lang.reflect.Constructor.newInstanceWithCaller(Constructor.java:499)
	at java.base/java.lang.reflect.Constructor.newInstance(Constructor.java:483)
	at org.openqa.selenium.remote.ErrorCodec.decode(ErrorCodec.java:167)
	at org.openqa.selenium.remote.codec.w3c.W3CHttpResponseCodec.decode(W3CHttpResponseCodec.java:138)
	at org.openqa.selenium.remote.codec.w3c.W3CHttpResponseCodec.decode(W3CHttpResponseCodec.java:50)
	at org.openqa.selenium.remote.HttpCommandExecutor.execute(HttpCommandExecutor.java:215)
	at org.openqa.selenium.remote.service.DriverCommandExecutor.invokeExecute(DriverCommandExecutor.java:216)
	at org.openqa.selenium.remote.service.DriverCommandExecutor.execute(DriverCommandExecutor.java:174)
	at org.openqa.selenium.remote.RemoteWebDriver.execute(RemoteWebDriver.java:557)
	at org.openqa.selenium.remote.ElementLocation$ElementFinder$2.findElement(ElementLocation.java:165)
	at org.openqa.selenium.remote.ElementLocation.findElement(ElementLocation.java:59)
	at org.openqa.selenium.remote.RemoteWebDriver.findElement(RemoteWebDriver.java:380)
	at org.openqa.selenium.remote.RemoteWebDriver.findElement(RemoteWebDriver.java:374)
	at pageObjects.Cart.addHeadphoneToCart(Cart.java:19)
	at stepdefenition.removeFromCart.user_is_in_cart_page(removeFromCart.java:33)
	at ✽.user is in cart page(file:///C:/Selenium%20demo/maven_cucumber_testNG/features/removeFromCart.feature:4)

  When user removes a product from cart    # stepdefenition.removeFromCart.user_removes_a_product_from_cart()
  Then product gets removed from cart      # stepdefenition.removeFromCart.product_gets_removed_from_cart()
]]></system-out>
  </testcase>
  <testcase name="runScenario" classname="testrunner" time="14.039"/>
  <testcase name="runScenario" classname="testrunner" time="12.817"/>
</testsuite>