<?xml version="1.0" encoding="UTF-8"?>
<testng-results ignored="0" total="5" passed="5" failed="0" skipped="0">
  <reporter-output>
  </reporter-output>
  <suite started-at="2025-11-23T16:26:00 IST" name="Suite" finished-at="2025-11-23T16:28:00 IST" duration-ms="119381">
    <groups>
    </groups>
    <test started-at="2025-11-23T16:26:00 IST" name="Test1" finished-at="2025-11-23T16:26:36 IST" duration-ms="36044">
      <class name="day7.checkMyInfo">
        <test-method is-config="true" signature="beforeTest()[pri:0, instance:day7.checkMyInfo@37918c79]" started-at="2025-11-23T16:26:00 IST" name="beforeTest" finished-at="2025-11-23T16:26:13 IST" duration-ms="12865" status="PASS">
          <reporter-output>
          </reporter-output>
        </test-method> <!-- beforeTest -->
        <test-method signature="f()[pri:0, instance:day7.checkMyInfo@37918c79]" started-at="2025-11-23T16:26:13 IST" name="f" finished-at="2025-11-23T16:26:35 IST" duration-ms="21778" status="PASS">
          <reporter-output>
          </reporter-output>
        </test-method> <!-- f -->
        <test-method is-config="true" signature="afterTest()[pri:0, instance:day7.checkMyInfo@37918c79]" started-at="2025-11-23T16:26:35 IST" name="afterTest" finished-at="2025-11-23T16:26:36 IST" duration-ms="1363" status="PASS">
          <reporter-output>
          </reporter-output>
        </test-method> <!-- afterTest -->
      </class> <!-- day7.checkMyInfo -->
    </test> <!-- Test1 -->
    <test started-at="2025-11-23T16:26:36 IST" name="Test2" finished-at="2025-11-23T16:26:59 IST" duration-ms="22443">
      <class name="day7.loginWithLowerCaseUserName">
        <test-method is-config="true" signature="beforeTest()[pri:0, instance:day7.loginWithLowerCaseUserName@159f197]" started-at="2025-11-23T16:26:36 IST" name="beforeTest" finished-at="2025-11-23T16:26:56 IST" duration-ms="19536" status="PASS">
          <reporter-output>
          </reporter-output>
        </test-method> <!-- beforeTest -->
        <test-method signature="f()[pri:0, instance:day7.loginWithLowerCaseUserName@159f197]" started-at="2025-11-23T16:26:56 IST" name="f" finished-at="2025-11-23T16:26:58 IST" duration-ms="2424" status="PASS">
          <reporter-output>
          </reporter-output>
        </test-method> <!-- f -->
        <test-method is-config="true" signature="afterTest()[pri:0, instance:day7.loginWithLowerCaseUserName@159f197]" started-at="2025-11-23T16:26:58 IST" name="afterTest" finished-at="2025-11-23T16:26:59 IST" duration-ms="481" status="PASS">
          <reporter-output>
          </reporter-output>
        </test-method> <!-- afterTest -->
      </class> <!-- day7.loginWithLowerCaseUserName -->
    </test> <!-- Test2 -->
    <test started-at="2025-11-23T16:26:59 IST" name="Test3" finished-at="2025-11-23T16:27:34 IST" duration-ms="35606">
      <class name="day7.recruitmentHeading">
        <test-method is-config="true" signature="beforeTest()[pri:0, instance:day7.recruitmentHeading@1ffe63b9]" started-at="2025-11-23T16:26:59 IST" name="beforeTest" finished-at="2025-11-23T16:27:26 IST" duration-ms="27092" status="PASS">
          <reporter-output>
          </reporter-output>
        </test-method> <!-- beforeTest -->
        <test-method signature="f()[pri:0, instance:day7.recruitmentHeading@1ffe63b9]" started-at="2025-11-23T16:27:26 IST" name="f" finished-at="2025-11-23T16:27:34 IST" duration-ms="8321" status="PASS">
          <reporter-output>
          </reporter-output>
        </test-method> <!-- f -->
        <test-method is-config="true" signature="afterTest()[pri:0, instance:day7.recruitmentHeading@1ffe63b9]" started-at="2025-11-23T16:27:34 IST" name="afterTest" finished-at="2025-11-23T16:27:34 IST" duration-ms="190" status="PASS">
          <reporter-output>
          </reporter-output>
        </test-method> <!-- afterTest -->
      </class> <!-- day7.recruitmentHeading -->
    </test> <!-- Test3 -->
    <test started-at="2025-11-23T16:27:34 IST" name="Reporter" finished-at="2025-11-23T16:27:34 IST" duration-ms="0">
    </test> <!-- Reporter -->
    <test started-at="2025-11-23T16:27:34 IST" name="test4" finished-at="2025-11-23T16:27:51 IST" duration-ms="16674">
      <class name="day7.searchNumberInName">
        <test-method is-config="true" signature="beforeTest()[pri:0, instance:day7.searchNumberInName@6ac13091]" started-at="2025-11-23T16:27:34 IST" name="beforeTest" finished-at="2025-11-23T16:27:46 IST" duration-ms="11479" status="PASS">
          <reporter-output>
          </reporter-output>
        </test-method> <!-- beforeTest -->
        <test-method signature="f()[pri:0, instance:day7.searchNumberInName@6ac13091]" started-at="2025-11-23T16:27:46 IST" name="f" finished-at="2025-11-23T16:27:51 IST" duration-ms="4989" status="PASS">
          <reporter-output>
          </reporter-output>
        </test-method> <!-- f -->
        <test-method is-config="true" signature="afterTest()[pri:0, instance:day7.searchNumberInName@6ac13091]" started-at="2025-11-23T16:27:51 IST" name="afterTest" finished-at="2025-11-23T16:27:51 IST" duration-ms="202" status="PASS">
          <reporter-output>
          </reporter-output>
        </test-method> <!-- afterTest -->
      </class> <!-- day7.searchNumberInName -->
    </test> <!-- test4 -->
    <test started-at="2025-11-23T16:27:51 IST" name="Test5" finished-at="2025-11-23T16:28:00 IST" duration-ms="8563">
      <class name="day7.titleCheck">
        <test-method is-config="true" signature="beforeSuite()[pri:0, instance:day7.titleCheck@161479c6]" started-at="2025-11-23T16:26:00 IST" name="beforeSuite" finished-at="2025-11-23T16:26:00 IST" duration-ms="212" status="PASS">
          <reporter-output>
          </reporter-output>
        </test-method> <!-- beforeSuite -->
        <test-method is-config="true" signature="beforeTest()[pri:0, instance:day7.titleCheck@161479c6]" started-at="2025-11-23T16:27:51 IST" name="beforeTest" finished-at="2025-11-23T16:27:56 IST" duration-ms="4663" status="PASS">
          <reporter-output>
          </reporter-output>
        </test-method> <!-- beforeTest -->
        <test-method signature="f()[pri:0, instance:day7.titleCheck@161479c6]" started-at="2025-11-23T16:27:56 IST" name="f" finished-at="2025-11-23T16:27:59 IST" duration-ms="3728" status="PASS">
          <reporter-output>
          </reporter-output>
        </test-method> <!-- f -->
        <test-method is-config="true" signature="afterTest()[pri:0, instance:day7.titleCheck@161479c6]" started-at="2025-11-23T16:27:59 IST" name="afterTest" finished-at="2025-11-23T16:28:00 IST" duration-ms="169" status="PASS">
          <reporter-output>
          </reporter-output>
        </test-method> <!-- afterTest -->
        <test-method is-config="true" signature="afterSuite()[pri:0, instance:day7.titleCheck@161479c6]" started-at="2025-11-23T16:28:00 IST" name="afterSuite" finished-at="2025-11-23T16:28:00 IST" duration-ms="267" status="PASS">
          <reporter-output>
          </reporter-output>
        </test-method> <!-- afterSuite -->
      </class> <!-- day7.titleCheck -->
    </test> <!-- Test5 -->
  </suite> <!-- Suite -->
</testng-results>
