<?xml version="1.0" encoding="UTF-8"?>
<testsuite name="TestSuite" time="41.248" tests="5" errors="0" skipped="0" failures="0">
  <properties>
[...]
</properties>
  <testcase name="f" classname="day7.checkMyInfo" time="21.78"/>
  <testcase name="f" classname="day7.loginWithLowerCaseUserName" time="2.428"/>
  <testcase name="f" classname="day7.recruitmentHeading" time="8.321"/>
  <testcase name="f" classname="day7.searchNumberInName" time="4.99"/>
  <testcase name="f" classname="day7.titleCheck" time="3.729"/>
</testsuite>