<?xml version="1.0" encoding="UTF-8"?>
<testng-results ignored="0" total="1" passed="1" failed="0" skipped="0">
  <reporter-output>
  </reporter-output>
  <suite started-at="2025-11-20T22:52:19 IST" name="Default suite" finished-at="2025-11-20T22:52:40 IST" duration-ms="20841">
    <groups>
    </groups>
    <test started-at="2025-11-20T22:52:19 IST" name="Default test" finished-at="2025-11-20T22:52:40 IST" duration-ms="20841">
      <class name="day7.titleCheck">
        <test-method is-config="true" signature="beforeSuite()[pri:0, instance:day7.titleCheck@7e6f74c]" started-at="2025-11-20T22:52:19 IST" name="beforeSuite" finished-at="2025-11-20T22:52:19 IST" duration-ms="183" status="PASS">
          <reporter-output>
          </reporter-output>
        </test-method> <!-- beforeSuite -->
        <test-method is-config="true" signature="beforeTest()[pri:0, instance:day7.titleCheck@7e6f74c]" started-at="2025-11-20T22:52:19 IST" name="beforeTest" finished-at="2025-11-20T22:52:31 IST" duration-ms="11771" status="PASS">
          <reporter-output>
          </reporter-output>
        </test-method> <!-- beforeTest -->
        <test-method signature="f()[pri:0, instance:day7.titleCheck@7e6f74c]" started-at="2025-11-20T22:52:31 IST" name="f" finished-at="2025-11-20T22:52:39 IST" duration-ms="8800" status="PASS">
          <reporter-output>
          </reporter-output>
        </test-method> <!-- f -->
        <test-method is-config="true" signature="afterTest()[pri:0, instance:day7.titleCheck@7e6f74c]" started-at="2025-11-20T22:52:39 IST" name="afterTest" finished-at="2025-11-20T22:52:40 IST" duration-ms="234" status="PASS">
          <reporter-output>
          </reporter-output>
        </test-method> <!-- afterTest -->
        <test-method is-config="true" signature="afterSuite()[pri:0, instance:day7.titleCheck@7e6f74c]" started-at="2025-11-20T22:52:40 IST" name="afterSuite" finished-at="2025-11-20T22:52:40 IST" duration-ms="244" status="PASS">
          <reporter-output>
          </reporter-output>
        </test-method> <!-- afterSuite -->
      </class> <!-- day7.titleCheck -->
    </test> <!-- Default test -->
  </suite> <!-- Default suite -->
</testng-results>
